2025-03-22 00:48:50,453 - INFO - Visitor count tracking started. Press Ctrl+C to exit.
2025-03-22 00:48:50,453 - INFO - Current time: 00:48:50
2025-03-22 00:48:50,454 - INFO - Target time: 00:49:00
2025-03-22 00:48:50,454 - INFO - Waiting 10.00 seconds until next minute...
2025-03-22 00:49:00,554 - INFO - Running job at 2025-03-22 00:49:00
2025-03-22 00:49:00,703 - INFO - Current visitor count: 0
2025-03-22 00:49:00,719 - INFO - Saved data to visitor_counts.csv
2025-03-22 00:49:01,720 - INFO - Current time: 00:49:01
2025-03-22 00:49:01,720 - INFO - Target time: 00:50:00
2025-03-22 00:49:01,720 - INFO - Waiting 59.00 seconds until next minute...
2025-03-22 00:49:20,889 - INFO - Scheduler stopped by user
2025-03-22 00:49:20,890 - INFO - Lock file removed
2025-03-22 00:49:24,770 - INFO - Visitor count tracking started. Press Ctrl+C to exit.
2025-03-22 00:49:24,771 - INFO - Current time: 00:49:24
2025-03-22 00:49:24,771 - INFO - Target time: 00:50:00
2025-03-22 00:49:24,771 - INFO - Waiting 36.00 seconds until next minute...
2025-03-22 00:52:13,405 - WARNING - Process with PID 31184 is not running. Removing stale lock file.
2025-03-22 00:52:13,406 - INFO - Visitor count tracking started. Press Ctrl+C to exit.
2025-03-22 00:52:13,406 - INFO - Current time: 00:52:13
2025-03-22 00:52:13,406 - INFO - Target time: 00:53:00
2025-03-22 00:52:13,407 - INFO - Waiting 47.00 seconds until next minute...
2025-03-22 00:53:00,508 - INFO - Running job at 2025-03-22 00:53:00
2025-03-22 00:53:00,675 - INFO - Current visitor count: 0
2025-03-22 00:53:00,691 - INFO - Saved data to visitor_counts.csv
2025-03-22 00:53:01,691 - INFO - Current time: 00:53:01
2025-03-22 00:53:01,692 - INFO - Target time: 00:54:00
2025-03-22 00:53:01,692 - INFO - Waiting 59.00 seconds until next minute...
2025-03-22 00:54:00,793 - INFO - Running job at 2025-03-22 00:54:00
2025-03-22 00:54:00,940 - INFO - Current visitor count: 0
2025-03-22 00:54:00,954 - INFO - Saved data to visitor_counts.csv
2025-03-22 00:54:01,955 - INFO - Current time: 00:54:01
2025-03-22 00:54:01,955 - INFO - Target time: 00:55:00
2025-03-22 00:54:01,955 - INFO - Waiting 59.00 seconds until next minute...
2025-03-22 00:55:01,057 - INFO - Running job at 2025-03-22 00:55:01
2025-03-22 00:55:01,214 - INFO - Current visitor count: 0
2025-03-22 00:55:01,221 - INFO - Saved data to visitor_counts.csv
2025-03-22 00:55:02,221 - INFO - Current time: 00:55:02
2025-03-22 00:55:02,222 - INFO - Target time: 00:56:00
2025-03-22 00:55:02,222 - INFO - Waiting 58.00 seconds until next minute...
2025-03-22 00:56:00,323 - INFO - Running job at 2025-03-22 00:56:00
2025-03-22 00:56:00,470 - INFO - Current visitor count: 0
2025-03-22 00:56:00,477 - INFO - Saved data to visitor_counts.csv
2025-03-22 00:56:01,478 - INFO - Current time: 00:56:01
2025-03-22 00:56:01,478 - INFO - Target time: 00:57:00
2025-03-22 00:56:01,478 - INFO - Waiting 59.00 seconds until next minute...
2025-03-22 00:57:00,580 - INFO - Running job at 2025-03-22 00:57:00
2025-03-22 00:57:00,733 - INFO - Current visitor count: 0
2025-03-22 00:57:00,741 - INFO - Saved data to visitor_counts.csv
2025-03-22 00:57:01,742 - INFO - Current time: 00:57:01
2025-03-22 00:57:01,742 - INFO - Target time: 00:58:00
2025-03-22 00:57:01,742 - INFO - Waiting 59.00 seconds until next minute...
2025-03-22 00:58:00,843 - INFO - Running job at 2025-03-22 00:58:00
2025-03-22 00:58:00,979 - INFO - Current visitor count: 0
2025-03-22 00:58:00,987 - INFO - Saved data to visitor_counts.csv
2025-03-22 00:58:01,988 - INFO - Current time: 00:58:01
2025-03-22 00:58:01,988 - INFO - Target time: 00:59:00
2025-03-22 00:58:01,988 - INFO - Waiting 59.00 seconds until next minute...
2025-03-22 00:59:01,090 - INFO - Running job at 2025-03-22 00:59:01
2025-03-22 00:59:01,231 - INFO - Current visitor count: 0
2025-03-22 00:59:01,238 - INFO - Saved data to visitor_counts.csv
2025-03-22 00:59:02,239 - INFO - Current time: 00:59:02
2025-03-22 00:59:02,239 - INFO - Target time: 01:00:00
2025-03-22 00:59:02,239 - INFO - Waiting 58.00 seconds until next minute...
2025-03-22 01:00:00,341 - INFO - Running job at 2025-03-22 01:00:00
2025-03-22 01:00:00,494 - INFO - Current visitor count: 0
2025-03-22 01:00:00,501 - INFO - Saved data to visitor_counts.csv
2025-03-22 01:00:01,502 - INFO - Current time: 01:00:01
2025-03-22 01:00:01,502 - INFO - Target time: 01:01:00
2025-03-22 01:00:01,503 - INFO - Waiting 59.00 seconds until next minute...
2025-03-22 01:01:00,604 - INFO - Running job at 2025-03-22 01:01:00
2025-03-22 01:01:00,743 - INFO - Current visitor count: 0
2025-03-22 01:01:00,750 - INFO - Saved data to visitor_counts.csv
2025-03-22 01:01:01,750 - INFO - Current time: 01:01:01
2025-03-22 01:01:01,751 - INFO - Target time: 01:02:00
2025-03-22 01:01:01,751 - INFO - Waiting 59.00 seconds until next minute...
2025-03-22 01:02:00,852 - INFO - Running job at 2025-03-22 01:02:00
2025-03-22 01:02:01,012 - INFO - Current visitor count: 0
2025-03-22 01:02:01,020 - INFO - Saved data to visitor_counts.csv
2025-03-22 01:02:02,020 - INFO - Current time: 01:02:02
2025-03-22 01:02:02,021 - INFO - Target time: 01:03:00
2025-03-22 01:02:02,021 - INFO - Waiting 58.00 seconds until next minute...
2025-03-22 01:03:00,122 - INFO - Running job at 2025-03-22 01:03:00
2025-03-22 01:03:00,273 - INFO - Current visitor count: 0
2025-03-22 01:03:00,280 - INFO - Saved data to visitor_counts.csv
2025-03-22 01:03:01,280 - INFO - Current time: 01:03:01
2025-03-22 01:03:01,281 - INFO - Target time: 01:04:00
2025-03-22 01:03:01,281 - INFO - Waiting 59.00 seconds until next minute...
2025-03-22 01:04:00,382 - INFO - Running job at 2025-03-22 01:04:00
2025-03-22 01:04:00,522 - INFO - Current visitor count: 0
2025-03-22 01:04:00,536 - INFO - Saved data to visitor_counts.csv
2025-03-22 01:04:01,537 - INFO - Current time: 01:04:01
2025-03-22 01:04:01,537 - INFO - Target time: 01:05:00
2025-03-22 01:04:01,537 - INFO - Waiting 59.00 seconds until next minute...
2025-03-22 01:05:00,638 - INFO - Running job at 2025-03-22 01:05:00
2025-03-22 01:05:00,778 - INFO - Current visitor count: 0
2025-03-22 01:05:00,791 - INFO - Saved data to visitor_counts.csv
2025-03-22 01:05:01,791 - INFO - Current time: 01:05:01
2025-03-22 01:05:01,792 - INFO - Target time: 01:06:00
2025-03-22 01:05:01,792 - INFO - Waiting 59.00 seconds until next minute...
2025-03-22 01:06:00,893 - INFO - Running job at 2025-03-22 01:06:00
2025-03-22 01:06:01,069 - INFO - Current visitor count: 0
2025-03-22 01:06:01,082 - INFO - Saved data to visitor_counts.csv
2025-03-22 01:06:02,083 - INFO - Current time: 01:06:02
2025-03-22 01:06:02,083 - INFO - Target time: 01:07:00
2025-03-22 01:06:02,084 - INFO - Waiting 58.00 seconds until next minute...
2025-03-22 01:07:00,185 - INFO - Running job at 2025-03-22 01:07:00
2025-03-22 01:07:00,341 - INFO - Current visitor count: 0
2025-03-22 01:07:00,348 - INFO - Saved data to visitor_counts.csv
2025-03-22 01:07:01,349 - INFO - Current time: 01:07:01
2025-03-22 01:07:01,349 - INFO - Target time: 01:08:00
2025-03-22 01:07:01,349 - INFO - Waiting 59.00 seconds until next minute...
2025-03-22 01:08:00,451 - INFO - Running job at 2025-03-22 01:08:00
2025-03-22 01:08:00,639 - INFO - Current visitor count: 0
2025-03-22 01:08:00,653 - INFO - Saved data to visitor_counts.csv
2025-03-22 01:08:01,654 - INFO - Current time: 01:08:01
2025-03-22 01:08:01,654 - INFO - Target time: 01:09:00
2025-03-22 01:08:01,654 - INFO - Waiting 59.00 seconds until next minute...
2025-03-22 01:09:00,755 - INFO - Running job at 2025-03-22 01:09:00
2025-03-22 01:09:00,896 - INFO - Current visitor count: 0
2025-03-22 01:09:00,910 - INFO - Saved data to visitor_counts.csv
2025-03-22 01:09:01,911 - INFO - Current time: 01:09:01
2025-03-22 01:09:01,911 - INFO - Target time: 01:10:00
2025-03-22 01:09:01,911 - INFO - Waiting 59.00 seconds until next minute...
2025-03-22 01:10:01,012 - INFO - Running job at 2025-03-22 01:10:01
2025-03-22 01:10:01,166 - INFO - Current visitor count: 0
2025-03-22 01:10:01,180 - INFO - Saved data to visitor_counts.csv
2025-03-22 01:10:02,180 - INFO - Current time: 01:10:02
2025-03-22 01:10:02,181 - INFO - Target time: 01:11:00
2025-03-22 01:10:02,181 - INFO - Waiting 58.00 seconds until next minute...
2025-03-22 01:11:00,282 - INFO - Running job at 2025-03-22 01:11:00
2025-03-22 01:11:00,421 - INFO - Current visitor count: 0
2025-03-22 01:11:00,435 - INFO - Saved data to visitor_counts.csv
2025-03-22 01:11:01,436 - INFO - Current time: 01:11:01
2025-03-22 01:11:01,436 - INFO - Target time: 01:12:00
2025-03-22 01:11:01,436 - INFO - Waiting 59.00 seconds until next minute...
2025-03-22 01:12:00,537 - INFO - Running job at 2025-03-22 01:12:00
2025-03-22 01:12:00,688 - INFO - Current visitor count: 0
2025-03-22 01:12:00,704 - INFO - Saved data to visitor_counts.csv
2025-03-22 01:12:01,704 - INFO - Current time: 01:12:01
2025-03-22 01:12:01,705 - INFO - Target time: 01:13:00
2025-03-22 01:12:01,706 - INFO - Waiting 59.00 seconds until next minute...
2025-03-22 01:13:00,807 - INFO - Running job at 2025-03-22 01:13:00
2025-03-22 01:13:00,950 - INFO - Current visitor count: 0
2025-03-22 01:13:00,964 - INFO - Saved data to visitor_counts.csv
2025-03-22 01:13:01,964 - INFO - Current time: 01:13:01
2025-03-22 01:13:01,965 - INFO - Target time: 01:14:00
2025-03-22 01:13:01,965 - INFO - Waiting 59.00 seconds until next minute...
2025-03-22 01:14:01,066 - INFO - Running job at 2025-03-22 01:14:01
2025-03-22 01:14:01,208 - INFO - Current visitor count: 0
2025-03-22 01:14:01,222 - INFO - Saved data to visitor_counts.csv
2025-03-22 01:14:02,223 - INFO - Current time: 01:14:02
2025-03-22 01:14:02,223 - INFO - Target time: 01:15:00
2025-03-22 01:14:02,223 - INFO - Waiting 58.00 seconds until next minute...
2025-03-22 01:15:00,325 - INFO - Running job at 2025-03-22 01:15:00
2025-03-22 01:15:00,495 - INFO - Current visitor count: 0
2025-03-22 01:15:00,509 - INFO - Saved data to visitor_counts.csv
2025-03-22 01:15:01,510 - INFO - Current time: 01:15:01
2025-03-22 01:15:01,510 - INFO - Target time: 01:16:00
2025-03-22 01:15:01,510 - INFO - Waiting 59.00 seconds until next minute...
2025-03-22 01:16:00,611 - INFO - Running job at 2025-03-22 01:16:00
2025-03-22 01:16:00,753 - INFO - Current visitor count: 0
2025-03-22 01:16:00,760 - INFO - Saved data to visitor_counts.csv
2025-03-22 01:16:01,760 - INFO - Current time: 01:16:01
2025-03-22 01:16:01,760 - INFO - Target time: 01:17:00
2025-03-22 01:16:01,760 - INFO - Waiting 59.00 seconds until next minute...
2025-03-22 01:17:00,862 - INFO - Running job at 2025-03-22 01:17:00
2025-03-22 01:17:01,001 - INFO - Current visitor count: 0
2025-03-22 01:17:01,009 - INFO - Saved data to visitor_counts.csv
2025-03-22 01:17:02,010 - INFO - Current time: 01:17:02
2025-03-22 01:17:02,010 - INFO - Target time: 01:18:00
2025-03-22 01:17:02,011 - INFO - Waiting 58.00 seconds until next minute...
2025-03-22 01:18:00,112 - INFO - Running job at 2025-03-22 01:18:00
2025-03-22 01:18:00,257 - INFO - Current visitor count: 0
2025-03-22 01:18:00,264 - INFO - Saved data to visitor_counts.csv
2025-03-22 01:18:01,264 - INFO - Current time: 01:18:01
2025-03-22 01:18:01,265 - INFO - Target time: 01:19:00
2025-03-22 01:18:01,265 - INFO - Waiting 59.00 seconds until next minute...
2025-03-22 01:19:00,366 - INFO - Running job at 2025-03-22 01:19:00
2025-03-22 01:19:00,510 - INFO - Current visitor count: 0
2025-03-22 01:19:00,518 - INFO - Saved data to visitor_counts.csv
2025-03-22 01:19:01,519 - INFO - Current time: 01:19:01
2025-03-22 01:19:01,519 - INFO - Target time: 01:20:00
2025-03-22 01:19:01,519 - INFO - Waiting 59.00 seconds until next minute...
2025-03-22 01:20:00,621 - INFO - Running job at 2025-03-22 01:20:00
2025-03-22 01:20:00,769 - INFO - Current visitor count: 0
2025-03-22 01:20:00,777 - INFO - Saved data to visitor_counts.csv
2025-03-22 01:20:01,777 - INFO - Current time: 01:20:01
2025-03-22 01:20:01,778 - INFO - Target time: 01:21:00
2025-03-22 01:20:01,778 - INFO - Waiting 59.00 seconds until next minute...
2025-03-22 01:21:00,879 - INFO - Running job at 2025-03-22 01:21:00
2025-03-22 01:21:01,022 - INFO - Current visitor count: 0
2025-03-22 01:21:01,029 - INFO - Saved data to visitor_counts.csv
2025-03-22 01:21:02,029 - INFO - Current time: 01:21:02
2025-03-22 01:21:02,030 - INFO - Target time: 01:22:00
2025-03-22 01:21:02,030 - INFO - Waiting 58.00 seconds until next minute...
2025-03-22 01:22:00,131 - INFO - Running job at 2025-03-22 01:22:00
2025-03-22 01:22:00,286 - INFO - Current visitor count: 0
2025-03-22 01:22:00,294 - INFO - Saved data to visitor_counts.csv
2025-03-22 01:22:01,294 - INFO - Current time: 01:22:01
2025-03-22 01:22:01,295 - INFO - Target time: 01:23:00
2025-03-22 01:22:01,295 - INFO - Waiting 59.00 seconds until next minute...
2025-03-22 01:23:00,396 - INFO - Running job at 2025-03-22 01:23:00
2025-03-22 01:23:00,538 - INFO - Current visitor count: 0
2025-03-22 01:23:00,546 - INFO - Saved data to visitor_counts.csv
2025-03-22 01:23:01,547 - INFO - Current time: 01:23:01
2025-03-22 01:23:01,547 - INFO - Target time: 01:24:00
2025-03-22 01:23:01,547 - INFO - Waiting 59.00 seconds until next minute...
2025-03-22 01:24:00,649 - INFO - Running job at 2025-03-22 01:24:00
2025-03-22 01:24:00,792 - INFO - Current visitor count: 0
2025-03-22 01:24:00,799 - INFO - Saved data to visitor_counts.csv
2025-03-22 01:24:01,800 - INFO - Current time: 01:24:01
2025-03-22 01:24:01,800 - INFO - Target time: 01:25:00
2025-03-22 01:24:01,800 - INFO - Waiting 59.00 seconds until next minute...
2025-03-22 01:25:00,901 - INFO - Running job at 2025-03-22 01:25:00
2025-03-22 01:25:01,057 - INFO - Current visitor count: 0
2025-03-22 01:25:01,064 - INFO - Saved data to visitor_counts.csv
2025-03-22 01:25:02,065 - INFO - Current time: 01:25:02
2025-03-22 01:25:02,065 - INFO - Target time: 01:26:00
2025-03-22 01:25:02,065 - INFO - Waiting 58.00 seconds until next minute...
2025-03-22 01:26:00,166 - INFO - Running job at 2025-03-22 01:26:00
2025-03-22 01:26:00,322 - INFO - Current visitor count: 0
2025-03-22 01:26:00,329 - INFO - Saved data to visitor_counts.csv
2025-03-22 01:26:01,330 - INFO - Current time: 01:26:01
2025-03-22 01:26:01,331 - INFO - Target time: 01:27:00
2025-03-22 01:26:01,331 - INFO - Waiting 59.00 seconds until next minute...
2025-03-22 01:27:00,432 - INFO - Running job at 2025-03-22 01:27:00
2025-03-22 01:27:00,591 - INFO - Current visitor count: 0
2025-03-22 01:27:00,598 - INFO - Saved data to visitor_counts.csv
2025-03-22 01:27:01,598 - INFO - Current time: 01:27:01
2025-03-22 01:27:01,599 - INFO - Target time: 01:28:00
2025-03-22 01:27:01,599 - INFO - Waiting 59.00 seconds until next minute...
2025-03-22 01:28:00,700 - INFO - Running job at 2025-03-22 01:28:00
2025-03-22 01:28:00,871 - INFO - Current visitor count: 0
2025-03-22 01:28:00,885 - INFO - Saved data to visitor_counts.csv
2025-03-22 01:28:01,886 - INFO - Current time: 01:28:01
2025-03-22 01:28:01,886 - INFO - Target time: 01:29:00
2025-03-22 01:28:01,886 - INFO - Waiting 59.00 seconds until next minute...
2025-03-22 01:29:00,987 - INFO - Running job at 2025-03-22 01:29:00
2025-03-22 01:29:01,143 - INFO - Current visitor count: 0
2025-03-22 01:29:01,150 - INFO - Saved data to visitor_counts.csv
2025-03-22 01:29:02,151 - INFO - Current time: 01:29:02
2025-03-22 01:29:02,151 - INFO - Target time: 01:30:00
2025-03-22 01:29:02,151 - INFO - Waiting 58.00 seconds until next minute...
2025-03-22 01:30:00,252 - INFO - Running job at 2025-03-22 01:30:00
2025-03-22 01:30:00,424 - INFO - Current visitor count: 0
2025-03-22 01:30:00,438 - INFO - Saved data to visitor_counts.csv
2025-03-22 01:30:01,439 - INFO - Current time: 01:30:01
2025-03-22 01:30:01,439 - INFO - Target time: 01:31:00
2025-03-22 01:30:01,439 - INFO - Waiting 59.00 seconds until next minute...
2025-03-22 01:31:00,541 - INFO - Running job at 2025-03-22 01:31:00
2025-03-22 01:31:00,724 - INFO - Current visitor count: 0
2025-03-22 01:31:00,738 - INFO - Saved data to visitor_counts.csv
2025-03-22 01:31:01,739 - INFO - Current time: 01:31:01
2025-03-22 01:31:01,739 - INFO - Target time: 01:32:00
2025-03-22 01:31:01,739 - INFO - Waiting 59.00 seconds until next minute...
2025-03-22 01:32:00,840 - INFO - Running job at 2025-03-22 01:32:00
2025-03-22 01:32:00,976 - INFO - Current visitor count: 0
2025-03-22 01:32:00,990 - INFO - Saved data to visitor_counts.csv
2025-03-22 01:32:01,991 - INFO - Current time: 01:32:01
2025-03-22 01:32:01,991 - INFO - Target time: 01:33:00
2025-03-22 01:32:01,991 - INFO - Waiting 59.00 seconds until next minute...
2025-03-22 01:33:01,092 - INFO - Running job at 2025-03-22 01:33:01
2025-03-22 01:33:01,238 - INFO - Current visitor count: 0
2025-03-22 01:33:01,252 - INFO - Saved data to visitor_counts.csv
2025-03-22 01:33:02,252 - INFO - Current time: 01:33:02
2025-03-22 01:33:02,252 - INFO - Target time: 01:34:00
2025-03-22 01:33:02,252 - INFO - Waiting 58.00 seconds until next minute...
2025-03-22 01:34:00,353 - INFO - Running job at 2025-03-22 01:34:00
2025-03-22 01:34:00,491 - INFO - Current visitor count: 0
2025-03-22 01:34:00,504 - INFO - Saved data to visitor_counts.csv
2025-03-22 01:34:01,505 - INFO - Current time: 01:34:01
2025-03-22 01:34:01,505 - INFO - Target time: 01:35:00
2025-03-22 01:34:01,505 - INFO - Waiting 59.00 seconds until next minute...
2025-03-22 01:35:00,607 - INFO - Running job at 2025-03-22 01:35:00
2025-03-22 01:35:00,742 - INFO - Current visitor count: 0
2025-03-22 01:35:00,757 - INFO - Saved data to visitor_counts.csv
2025-03-22 01:35:01,757 - INFO - Current time: 01:35:01
2025-03-22 01:35:01,757 - INFO - Target time: 01:36:00
2025-03-22 01:35:01,757 - INFO - Waiting 59.00 seconds until next minute...
2025-03-22 01:36:00,859 - INFO - Running job at 2025-03-22 01:36:00
2025-03-22 01:36:01,007 - INFO - Current visitor count: 0
2025-03-22 01:36:01,023 - INFO - Saved data to visitor_counts.csv
2025-03-22 01:36:02,023 - INFO - Current time: 01:36:02
2025-03-22 01:36:02,024 - INFO - Target time: 01:37:00
2025-03-22 01:36:02,024 - INFO - Waiting 58.00 seconds until next minute...
2025-03-22 01:37:00,125 - INFO - Running job at 2025-03-22 01:37:00
2025-03-22 01:37:00,276 - INFO - Current visitor count: 0
2025-03-22 01:37:00,290 - INFO - Saved data to visitor_counts.csv
2025-03-22 01:37:01,291 - INFO - Current time: 01:37:01
2025-03-22 01:37:01,291 - INFO - Target time: 01:38:00
2025-03-22 01:37:01,291 - INFO - Waiting 59.00 seconds until next minute...
2025-03-22 01:38:00,393 - INFO - Running job at 2025-03-22 01:38:00
2025-03-22 01:38:00,538 - INFO - Current visitor count: 0
2025-03-22 01:38:00,552 - INFO - Saved data to visitor_counts.csv
2025-03-22 01:38:01,553 - INFO - Current time: 01:38:01
2025-03-22 01:38:01,553 - INFO - Target time: 01:39:00
2025-03-22 01:38:01,553 - INFO - Waiting 59.00 seconds until next minute...
2025-03-22 01:39:00,654 - INFO - Running job at 2025-03-22 01:39:00
2025-03-22 01:39:00,800 - INFO - Current visitor count: 0
2025-03-22 01:39:00,814 - INFO - Saved data to visitor_counts.csv
2025-03-22 01:39:01,814 - INFO - Current time: 01:39:01
2025-03-22 01:39:01,815 - INFO - Target time: 01:40:00
2025-03-22 01:39:01,815 - INFO - Waiting 59.00 seconds until next minute...
2025-03-22 01:40:00,916 - INFO - Running job at 2025-03-22 01:40:00
2025-03-22 01:40:01,079 - INFO - Current visitor count: 0
2025-03-22 01:40:01,093 - INFO - Saved data to visitor_counts.csv
2025-03-22 01:40:02,094 - INFO - Current time: 01:40:02
2025-03-22 01:40:02,094 - INFO - Target time: 01:41:00
2025-03-22 01:40:02,094 - INFO - Waiting 58.00 seconds until next minute...
2025-03-22 01:41:00,196 - INFO - Running job at 2025-03-22 01:41:00
2025-03-22 01:41:00,331 - INFO - Current visitor count: 0
2025-03-22 01:41:00,345 - INFO - Saved data to visitor_counts.csv
2025-03-22 01:41:01,345 - INFO - Current time: 01:41:01
2025-03-22 01:41:01,345 - INFO - Target time: 01:42:00
2025-03-22 01:41:01,346 - INFO - Waiting 59.00 seconds until next minute...
2025-03-22 01:42:00,447 - INFO - Running job at 2025-03-22 01:42:00
2025-03-22 01:42:00,590 - INFO - Current visitor count: 0
2025-03-22 01:42:00,604 - INFO - Saved data to visitor_counts.csv
2025-03-22 01:42:01,604 - INFO - Current time: 01:42:01
2025-03-22 01:42:01,605 - INFO - Target time: 01:43:00
2025-03-22 01:42:01,605 - INFO - Waiting 59.00 seconds until next minute...
2025-03-22 01:43:00,706 - INFO - Running job at 2025-03-22 01:43:00
2025-03-22 01:43:00,871 - INFO - Current visitor count: 0
2025-03-22 01:43:00,885 - INFO - Saved data to visitor_counts.csv
2025-03-22 01:43:01,885 - INFO - Current time: 01:43:01
2025-03-22 01:43:01,885 - INFO - Target time: 01:44:00
2025-03-22 01:43:01,885 - INFO - Waiting 59.00 seconds until next minute...
2025-03-22 01:44:00,987 - INFO - Running job at 2025-03-22 01:44:00
2025-03-22 01:44:01,135 - INFO - Current visitor count: 0
2025-03-22 01:44:01,149 - INFO - Saved data to visitor_counts.csv
2025-03-22 01:44:02,149 - INFO - Current time: 01:44:02
2025-03-22 01:44:02,150 - INFO - Target time: 01:45:00
2025-03-22 01:44:02,150 - INFO - Waiting 58.00 seconds until next minute...
2025-03-22 01:45:00,251 - INFO - Running job at 2025-03-22 01:45:00
2025-03-22 01:45:00,398 - INFO - Current visitor count: 0
2025-03-22 01:45:00,412 - INFO - Saved data to visitor_counts.csv
2025-03-22 01:45:01,413 - INFO - Current time: 01:45:01
2025-03-22 01:45:01,413 - INFO - Target time: 01:46:00
2025-03-22 01:45:01,413 - INFO - Waiting 59.00 seconds until next minute...
2025-03-22 01:46:00,514 - INFO - Running job at 2025-03-22 01:46:00
2025-03-22 01:46:00,653 - INFO - Current visitor count: 0
2025-03-22 01:46:00,668 - INFO - Saved data to visitor_counts.csv
2025-03-22 01:46:01,668 - INFO - Current time: 01:46:01
2025-03-22 01:46:01,669 - INFO - Target time: 01:47:00
2025-03-22 01:46:01,669 - INFO - Waiting 59.00 seconds until next minute...
2025-03-22 01:47:00,770 - INFO - Running job at 2025-03-22 01:47:00
2025-03-22 01:47:00,924 - INFO - Current visitor count: 0
2025-03-22 01:47:00,940 - INFO - Saved data to visitor_counts.csv
2025-03-22 01:47:01,941 - INFO - Current time: 01:47:01
2025-03-22 01:47:01,941 - INFO - Target time: 01:48:00
2025-03-22 01:47:01,941 - INFO - Waiting 59.00 seconds until next minute...
2025-03-22 01:48:01,042 - INFO - Running job at 2025-03-22 01:48:01
2025-03-22 01:48:01,182 - INFO - Current visitor count: 0
2025-03-22 01:48:01,198 - INFO - Saved data to visitor_counts.csv
2025-03-22 01:48:02,199 - INFO - Current time: 01:48:02
2025-03-22 01:48:02,199 - INFO - Target time: 01:49:00
2025-03-22 01:48:02,199 - INFO - Waiting 58.00 seconds until next minute...
2025-03-22 01:49:00,300 - INFO - Running job at 2025-03-22 01:49:00
2025-03-22 01:49:00,442 - INFO - Current visitor count: 0
2025-03-22 01:49:00,457 - INFO - Saved data to visitor_counts.csv
2025-03-22 01:49:01,457 - INFO - Current time: 01:49:01
2025-03-22 01:49:01,457 - INFO - Target time: 01:50:00
2025-03-22 01:49:01,458 - INFO - Waiting 59.00 seconds until next minute...
2025-03-22 01:50:00,559 - INFO - Running job at 2025-03-22 01:50:00
2025-03-22 01:50:00,700 - INFO - Current visitor count: 0
2025-03-22 01:50:00,714 - INFO - Saved data to visitor_counts.csv
2025-03-22 01:50:01,715 - INFO - Current time: 01:50:01
2025-03-22 01:50:01,715 - INFO - Target time: 01:51:00
2025-03-22 01:50:01,715 - INFO - Waiting 59.00 seconds until next minute...
2025-03-22 01:51:00,816 - INFO - Running job at 2025-03-22 01:51:00
2025-03-22 01:51:00,959 - INFO - Current visitor count: 0
2025-03-22 01:51:00,973 - INFO - Saved data to visitor_counts.csv
2025-03-22 01:51:01,973 - INFO - Current time: 01:51:01
2025-03-22 01:51:01,973 - INFO - Target time: 01:52:00
2025-03-22 01:51:01,973 - INFO - Waiting 59.00 seconds until next minute...
2025-03-22 01:52:01,075 - INFO - Running job at 2025-03-22 01:52:01
2025-03-22 01:52:01,215 - INFO - Current visitor count: 0
2025-03-22 01:52:01,230 - INFO - Saved data to visitor_counts.csv
2025-03-22 01:52:02,230 - INFO - Current time: 01:52:02
2025-03-22 01:52:02,230 - INFO - Target time: 01:53:00
2025-03-22 01:52:02,230 - INFO - Waiting 58.00 seconds until next minute...
2025-03-22 01:53:00,332 - INFO - Running job at 2025-03-22 01:53:00
2025-03-22 01:53:00,464 - INFO - Current visitor count: 0
2025-03-22 01:53:00,471 - INFO - Saved data to visitor_counts.csv
2025-03-22 01:53:01,472 - INFO - Current time: 01:53:01
2025-03-22 01:53:01,472 - INFO - Target time: 01:54:00
2025-03-22 01:53:01,472 - INFO - Waiting 59.00 seconds until next minute...
2025-03-22 01:54:00,574 - INFO - Running job at 2025-03-22 01:54:00
2025-03-22 01:54:00,712 - INFO - Current visitor count: 0
2025-03-22 01:54:00,719 - INFO - Saved data to visitor_counts.csv
2025-03-22 01:54:01,719 - INFO - Current time: 01:54:01
2025-03-22 01:54:01,720 - INFO - Target time: 01:55:00
2025-03-22 01:54:01,720 - INFO - Waiting 59.00 seconds until next minute...
